{
  "RSpec": {
    "coverage": {
      "/Users/timchen/NTHU/SOA/DrinkKing-api/init.rb": {
        "lines": [
          null,
          null,
          null,
          null,
          1,
          null,
          2,
          null
        ]
      },
      "/Users/timchen/NTHU/SOA/DrinkKing-api/config/init.rb": {
        "lines": [
          null,
          null,
          1
        ]
      },
      "/Users/timchen/NTHU/SOA/DrinkKing-api/config/environment.rb": {
        "lines": [
          null,
          null,
          1,
          1,
          1,
          1,
          1,
          null,
          1,
          null,
          1,
          1,
          1,
          1,
          1,
          null,
          1,
          null,
          1,
          1,
          null,
          1,
          null,
          null,
          null,
          1,
          1,
          1,
          null,
          1,
          0,
          null,
          null,
          null,
          null,
          null,
          null
        ]
      },
      "/Users/timchen/NTHU/SOA/DrinkKing-api/app/init.rb": {
        "lines": [
          null,
          null,
          1,
          1,
          4,
          null
        ]
      },
      "/Users/timchen/NTHU/SOA/DrinkKing-api/app/domain/init.rb": {
        "lines": [
          null,
          null,
          1,
          1,
          2,
          null
        ]
      },
      "/Users/timchen/NTHU/SOA/DrinkKing-api/app/domain/shops/init.rb": {
        "lines": [
          null,
          null,
          1,
          null,
          3,
          null
        ]
      },
      "/Users/timchen/NTHU/SOA/DrinkKing-api/app/domain/shops/entities/init.rb": {
        "lines": [
          null,
          null,
          1,
          1,
          null,
          1,
          3,
          null
        ]
      },
      "/Users/timchen/NTHU/SOA/DrinkKing-api/app/domain/shops/entities/shop.rb": {
        "lines": [
          null,
          null,
          1,
          1,
          1,
          null,
          1,
          1,
          null,
          1,
          1,
          1,
          1,
          1,
          1,
          1,
          1,
          1,
          1,
          1,
          null,
          1,
          0,
          null,
          null,
          null,
          null
        ]
      },
      "/Users/timchen/NTHU/SOA/DrinkKing-api/app/domain/shops/entities/review.rb": {
        "lines": [
          null,
          null,
          1,
          1,
          null,
          1,
          1,
          null,
          1,
          1,
          1,
          1,
          1,
          null,
          1,
          0,
          null,
          null,
          null,
          null
        ]
      },
      "/Users/timchen/NTHU/SOA/DrinkKing-api/app/domain/shops/mappers/init.rb": {
        "lines": [
          null,
          null,
          1,
          4,
          null
        ]
      },
      "/Users/timchen/NTHU/SOA/DrinkKing-api/app/domain/shops/mappers/shop_detail_mapper.rb": {
        "lines": [
          null,
          null,
          1,
          null,
          1,
          1,
          null,
          1,
          1,
          12,
          12,
          null,
          null,
          1,
          12,
          12,
          null,
          null,
          1,
          72,
          null,
          null,
          1,
          0,
          null,
          null,
          null,
          null,
          1,
          1,
          60,
          null,
          null,
          1,
          60,
          null,
          null,
          null,
          null,
          null,
          null,
          null,
          null,
          1,
          null,
          1,
          60,
          null,
          null,
          1,
          60,
          null,
          null,
          1,
          60,
          null,
          null,
          1,
          60,
          null,
          null,
          null,
          null
        ]
      },
      "/Users/timchen/NTHU/SOA/DrinkKing-api/app/domain/shops/mappers/parser.rb": {
        "lines": [
          null,
          null,
          1,
          null,
          1,
          null,
          1,
          1,
          24,
          null,
          null,
          1,
          24,
          null,
          null,
          null,
          null
        ]
      },
      "/Users/timchen/NTHU/SOA/DrinkKing-api/app/domain/shops/mappers/shop_mapper.rb": {
        "lines": [
          null,
          null,
          1,
          null,
          1,
          1,
          null,
          1,
          1,
          12,
          12,
          12,
          null,
          null,
          1,
          null,
          12,
          12,
          null,
          null,
          1,
          18,
          null,
          null,
          1,
          6,
          null,
          null,
          null,
          null,
          1,
          1,
          12,
          12,
          12,
          null,
          null,
          1,
          12,
          null,
          null,
          null,
          null,
          null,
          null,
          null,
          null,
          null,
          null,
          null,
          null,
          null,
          null,
          1,
          null,
          1,
          12,
          null,
          null,
          1,
          12,
          null,
          null,
          1,
          12,
          null,
          null,
          1,
          12,
          12,
          null,
          12,
          null,
          null,
          1,
          12,
          12,
          null,
          12,
          null,
          null,
          1,
          12,
          null,
          null,
          1,
          12,
          null,
          null,
          1,
          12,
          12,
          null,
          11,
          null,
          null,
          null,
          1,
          12,
          null,
          null,
          1,
          12,
          null,
          null,
          null,
          null
        ]
      },
      "/Users/timchen/NTHU/SOA/DrinkKing-api/app/domain/shops/repositories/init.rb": {
        "lines": [
          null,
          null,
          1,
          1,
          1
        ]
      },
      "/Users/timchen/NTHU/SOA/DrinkKing-api/app/domain/shops/repositories/shops.rb": {
        "lines": [
          null,
          null,
          1,
          1,
          null,
          1,
          1,
          0,
          null,
          null,
          1,
          5,
          null,
          null,
          1,
          0,
          null,
          null,
          1,
          12,
          6,
          null,
          null,
          null,
          1,
          null,
          3,
          3,
          12,
          null,
          3,
          null,
          null,
          1,
          6,
          6,
          null,
          null,
          1,
          5,
          5,
          null,
          0,
          0,
          null,
          null,
          1,
          12,
          null,
          12,
          null,
          null,
          null,
          null,
          null,
          null,
          1,
          null,
          null,
          1,
          1,
          0,
          null,
          null,
          1,
          0,
          null,
          null,
          1,
          0,
          0,
          0,
          null,
          null,
          null,
          null,
          1,
          null,
          null,
          null
        ]
      },
      "/Users/timchen/NTHU/SOA/DrinkKing-api/app/domain/shops/repositories/reviews.rb": {
        "lines": [
          null,
          null,
          1,
          1,
          null,
          1,
          1,
          0,
          null,
          null,
          1,
          0,
          null,
          null,
          1,
          60,
          null,
          60,
          null,
          null,
          null,
          null,
          null,
          null,
          null,
          null,
          1,
          72,
          null,
          null,
          1,
          0,
          null,
          null,
          null,
          null
        ]
      },
      "/Users/timchen/NTHU/SOA/DrinkKing-api/app/domain/shops/repositories/for.rb": {
        "lines": [
          null,
          null,
          1,
          1,
          null,
          1,
          null,
          1,
          null,
          null,
          null,
          1,
          3,
          null,
          null,
          1,
          5,
          null,
          null,
          null,
          null
        ]
      },
      "/Users/timchen/NTHU/SOA/DrinkKing-api/app/domain/extraction/init.rb": {
        "lines": [
          null,
          null,
          1,
          1,
          3,
          null
        ]
      },
      "/Users/timchen/NTHU/SOA/DrinkKing-api/app/domain/extraction/values/init.rb": {
        "lines": [
          null,
          null,
          1,
          3,
          null
        ]
      },
      "/Users/timchen/NTHU/SOA/DrinkKing-api/app/domain/extraction/values/mentioned_drink.rb": {
        "lines": [
          null,
          null,
          1,
          1,
          1,
          null,
          1,
          null,
          1,
          1,
          1,
          4,
          4,
          4,
          60,
          null,
          1,
          192,
          null,
          null,
          null,
          null
        ]
      },
      "/Users/timchen/NTHU/SOA/DrinkKing-api/app/domain/extraction/values/recommend_drink.rb": {
        "lines": [
          null,
          null,
          1,
          null,
          1,
          1,
          4,
          4,
          4,
          4,
          null,
          null,
          null,
          null
        ]
      },
      "/Users/timchen/NTHU/SOA/DrinkKing-api/app/domain/extraction/entities/init.rb": {
        "lines": [
          null,
          null,
          1,
          3,
          null
        ]
      },
      "/Users/timchen/NTHU/SOA/DrinkKing-api/app/domain/extraction/entities/review_extraction.rb": {
        "lines": [
          null,
          null,
          1,
          1,
          null,
          1,
          1,
          null,
          1,
          1,
          1,
          1,
          1,
          1,
          null,
          1,
          4,
          null,
          null,
          null,
          null,
          null,
          null,
          null,
          null
        ]
      },
      "/Users/timchen/NTHU/SOA/DrinkKing-api/app/domain/extraction/entities/reviews_extraction.rb": {
        "lines": [
          null,
          null,
          1,
          1,
          null,
          1,
          1,
          1,
          1,
          null,
          1,
          0,
          0,
          null,
          null,
          null,
          1,
          24,
          4,
          null,
          null,
          1,
          0,
          null,
          null,
          null,
          null,
          null,
          null
        ]
      },
      "/Users/timchen/NTHU/SOA/DrinkKing-api/app/domain/extraction/mappers/init.rb": {
        "lines": [
          null,
          null,
          1,
          3,
          null
        ]
      },
      "/Users/timchen/NTHU/SOA/DrinkKing-api/app/domain/extraction/mappers/review_extraction_mapper.rb": {
        "lines": [
          null,
          null,
          null,
          1,
          1,
          null,
          1,
          1,
          null,
          1,
          1,
          1,
          24,
          null,
          null,
          1,
          20,
          null,
          20,
          null,
          null,
          null,
          null,
          null,
          null,
          null,
          null,
          null,
          1,
          20,
          20,
          20,
          null,
          20,
          20,
          20,
          20,
          null,
          null,
          1,
          null,
          null,
          null
        ]
      },
      "/Users/timchen/NTHU/SOA/DrinkKing-api/app/domain/extraction/mappers/reviews_extraction_mapper.rb": {
        "lines": [
          null,
          null,
          1,
          1,
          null,
          1,
          1,
          1,
          1,
          null,
          null,
          null,
          1,
          3,
          3,
          null,
          null,
          1,
          4,
          null,
          null,
          null,
          null,
          1,
          null,
          null,
          null
        ]
      },
      "/Users/timchen/NTHU/SOA/DrinkKing-api/app/infrastructure/init.rb": {
        "lines": [
          null,
          null,
          1,
          1,
          2,
          null
        ]
      },
      "/Users/timchen/NTHU/SOA/DrinkKing-api/app/infrastructure/gateways/init.rb": {
        "lines": [
          null,
          null,
          1,
          null,
          1,
          3,
          null
        ]
      },
      "/Users/timchen/NTHU/SOA/DrinkKing-api/app/infrastructure/gateways/googlemap_api.rb": {
        "lines": [
          null,
          null,
          1,
          null,
          1,
          1,
          null,
          1,
          1,
          24,
          null,
          null,
          null,
          null,
          1,
          12,
          12,
          null,
          null,
          1,
          12,
          12,
          null,
          null,
          null,
          1,
          1,
          null,
          1,
          24,
          null,
          null,
          1,
          12,
          12,
          12,
          null,
          null,
          1,
          12,
          null,
          12,
          12,
          null,
          null,
          1,
          24,
          null,
          null,
          1,
          24,
          null,
          null,
          24,
          24,
          null,
          null,
          null,
          null,
          null,
          1,
          1,
          null,
          null,
          null,
          1,
          null,
          null,
          null,
          null,
          null,
          null,
          null,
          1,
          24,
          null,
          24,
          24,
          null,
          null,
          1,
          0,
          null,
          null,
          null,
          null,
          null,
          null
        ]
      },
      "/Users/timchen/NTHU/SOA/DrinkKing-api/app/infrastructure/gateways/picker.rb": {
        "lines": [
          null,
          null,
          1,
          null,
          1,
          null,
          1,
          1,
          24,
          24,
          null,
          null,
          1,
          24,
          null,
          24,
          0,
          12,
          12,
          null,
          null,
          null,
          null,
          null,
          null
        ]
      },
      "/Users/timchen/NTHU/SOA/DrinkKing-api/app/infrastructure/database/init.rb": {
        "lines": [
          null,
          null,
          1,
          1,
          1,
          null
        ]
      },
      "/Users/timchen/NTHU/SOA/DrinkKing-api/app/infrastructure/database/orms/init.rb": {
        "lines": [
          null,
          null,
          1,
          3,
          null
        ]
      },
      "/Users/timchen/NTHU/SOA/DrinkKing-api/app/infrastructure/database/orms/review_orm.rb": {
        "lines": [
          null,
          null,
          1,
          null,
          1,
          1,
          null,
          1,
          1,
          null,
          null,
          1,
          null,
          null,
          null
        ]
      },
      "/Users/timchen/NTHU/SOA/DrinkKing-api/app/infrastructure/database/orms/shop_orm.rb": {
        "lines": [
          null,
          null,
          1,
          null,
          1,
          1,
          null,
          1,
          1,
          null,
          null,
          1,
          null,
          null,
          null,
          null,
          null,
          null,
          null
        ]
      },
      "/Users/timchen/NTHU/SOA/DrinkKing-api/app/presentation/init.rb": {
        "lines": [
          null,
          null,
          1,
          1,
          2,
          null
        ]
      },
      "/Users/timchen/NTHU/SOA/DrinkKing-api/app/presentation/responses/init.rb": {
        "lines": [
          null,
          null,
          1,
          5,
          null
        ]
      },
      "/Users/timchen/NTHU/SOA/DrinkKing-api/app/presentation/responses/api_result.rb": {
        "lines": [
          null,
          null,
          1,
          1,
          1,
          null,
          null,
          null,
          1,
          null,
          null,
          null,
          null,
          1,
          null,
          null,
          1,
          1,
          14,
          null,
          14,
          null,
          null,
          null,
          null
        ]
      },
      "/Users/timchen/NTHU/SOA/DrinkKing-api/app/presentation/responses/openstruct_with_links.rb": {
        "lines": [
          null,
          null,
          1,
          1,
          null,
          1,
          1,
          null,
          null,
          null
        ]
      },
      "/Users/timchen/NTHU/SOA/DrinkKing-api/app/presentation/responses/shop_menu.rb": {
        "lines": [
          null,
          null,
          1,
          1,
          null,
          1,
          null,
          null
        ]
      },
      "/Users/timchen/NTHU/SOA/DrinkKing-api/app/presentation/responses/shops_list.rb": {
        "lines": [
          null,
          null,
          1,
          1,
          null,
          1,
          null,
          null
        ]
      },
      "/Users/timchen/NTHU/SOA/DrinkKing-api/app/presentation/representers/init.rb": {
        "lines": [
          null,
          null,
          1,
          7,
          null
        ]
      },
      "/Users/timchen/NTHU/SOA/DrinkKing-api/app/presentation/representers/drink_representer.rb": {
        "lines": [
          null,
          null,
          1,
          1,
          null,
          null,
          1,
          1,
          null,
          1,
          1,
          null,
          1,
          1,
          1,
          null,
          null,
          null,
          null
        ]
      },
      "/Users/timchen/NTHU/SOA/DrinkKing-api/app/presentation/representers/http_response_representer.rb": {
        "lines": [
          null,
          null,
          1,
          1,
          null,
          1,
          1,
          null,
          null,
          null,
          null,
          null,
          1,
          1,
          null,
          1,
          1,
          null,
          1,
          null,
          null,
          null,
          null,
          null,
          null,
          null,
          null,
          null,
          null,
          null,
          null,
          null,
          null,
          1,
          11,
          null,
          null,
          null,
          null
        ]
      },
      "/Users/timchen/NTHU/SOA/DrinkKing-api/app/presentation/representers/menu_representer.rb": {
        "lines": [
          null,
          null,
          1,
          1,
          null,
          1,
          null,
          1,
          1,
          null,
          1,
          1,
          null,
          1,
          1,
          null,
          null,
          null
        ]
      },
      "/Users/timchen/NTHU/SOA/DrinkKing-api/app/presentation/representers/review_representer.rb": {
        "lines": [
          null,
          null,
          1,
          1,
          null,
          1,
          1,
          null,
          1,
          1,
          null,
          1,
          1,
          1,
          1,
          null,
          null,
          null,
          null
        ]
      },
      "/Users/timchen/NTHU/SOA/DrinkKing-api/app/presentation/representers/shop_representer.rb": {
        "lines": [
          null,
          null,
          1,
          1,
          null,
          1,
          null,
          1,
          1,
          null,
          1,
          1,
          null,
          1,
          1,
          1,
          1,
          1,
          1,
          1,
          1,
          1,
          1,
          1,
          1,
          null,
          null,
          null,
          null
        ]
      },
      "/Users/timchen/NTHU/SOA/DrinkKing-api/app/presentation/representers/shops_representer.rb": {
        "lines": [
          null,
          null,
          1,
          1,
          null,
          1,
          null,
          1,
          1,
          null,
          1,
          1,
          null,
          1,
          null,
          null,
          null,
          null
        ]
      },
      "/Users/timchen/NTHU/SOA/DrinkKing-api/app/application/init.rb": {
        "lines": [
          null,
          null,
          1,
          1,
          3,
          null
        ]
      },
      "/Users/timchen/NTHU/SOA/DrinkKing-api/app/application/requests/init.rb": {
        "lines": [
          null,
          null,
          1,
          2,
          null
        ]
      },
      "/Users/timchen/NTHU/SOA/DrinkKing-api/app/application/requests/search_keyword.rb": {
        "lines": [
          null,
          null,
          1,
          1,
          null,
          1,
          1,
          null,
          1,
          1,
          null,
          1,
          7,
          null,
          null,
          1,
          7,
          null,
          0,
          null,
          null,
          null,
          null
        ]
      },
      "/Users/timchen/NTHU/SOA/DrinkKing-api/app/application/services/init.rb": {
        "lines": [
          null,
          null,
          1,
          5,
          null
        ]
      },
      "/Users/timchen/NTHU/SOA/DrinkKing-api/app/application/services/list_shops.rb": {
        "lines": [
          null,
          null,
          1,
          1,
          1,
          null,
          1,
          1,
          null,
          1,
          1,
          null,
          1,
          1,
          1,
          1,
          1,
          null,
          1,
          3,
          3,
          null,
          3,
          null,
          0,
          null,
          null,
          1,
          3,
          null,
          3,
          1,
          null,
          2,
          null,
          null,
          null,
          0,
          null,
          null,
          1,
          2,
          2,
          null,
          2,
          2,
          3,
          3,
          null,
          null,
          2,
          null,
          0,
          null,
          null,
          1,
          2,
          2,
          3,
          3,
          null,
          null,
          2,
          null,
          0,
          null,
          null,
          1,
          2,
          2,
          3,
          null,
          2,
          null,
          2,
          null,
          null,
          null,
          null
        ]
      },
      "/Users/timchen/NTHU/SOA/DrinkKing-api/app/application/services/helpers/shop_parser.rb": {
        "lines": [
          null,
          null,
          1,
          1,
          null,
          1,
          1,
          8,
          8,
          8,
          null,
          null,
          1,
          8,
          8,
          8,
          null,
          8,
          null,
          null,
          null,
          1,
          16,
          null,
          null,
          null,
          null
        ]
      },
      "/Users/timchen/NTHU/SOA/DrinkKing-api/app/application/services/helpers/shop_finder.rb": {
        "lines": [
          null,
          null,
          1,
          null,
          1,
          1,
          null,
          1,
          1,
          14,
          14,
          14,
          null,
          null,
          1,
          9,
          0,
          9,
          0,
          null,
          9,
          null,
          null,
          null,
          null,
          1,
          5,
          4,
          1,
          1,
          null,
          0,
          null,
          null,
          null,
          null,
          1,
          null,
          1,
          9,
          30,
          9,
          null,
          null,
          1,
          14,
          14,
          null,
          null,
          1,
          13,
          949,
          13,
          null,
          null,
          1,
          10,
          null,
          10,
          41370,
          null,
          null,
          null,
          null,
          null,
          null,
          null,
          null,
          null,
          10,
          null,
          null,
          1,
          9,
          9,
          9,
          null,
          null,
          null,
          null
        ]
      },
      "/Users/timchen/NTHU/SOA/DrinkKing-api/app/application/services/extract_shop.rb": {
        "lines": [
          null,
          null,
          1,
          1,
          1,
          null,
          1,
          1,
          null,
          1,
          1,
          null,
          1,
          1,
          1,
          1,
          null,
          null,
          null,
          null
        ]
      },
      "/Users/timchen/NTHU/SOA/DrinkKing-api/app/application/services/add_shops.rb": {
        "lines": [
          null,
          null,
          1,
          1,
          1,
          null,
          1,
          1,
          null,
          1,
          1,
          null,
          1,
          1,
          1,
          1,
          null,
          1,
          null,
          1,
          7,
          7,
          6,
          null,
          1,
          null,
          null,
          null,
          1,
          6,
          null,
          6,
          1,
          null,
          5,
          null,
          null,
          0,
          null,
          null,
          1,
          5,
          5,
          5,
          null,
          5,
          12,
          12,
          6,
          null,
          6,
          12,
          null,
          null,
          null,
          null,
          5,
          1,
          null,
          4,
          null,
          null,
          0,
          null,
          null,
          1,
          4,
          5,
          5,
          null,
          4,
          4,
          null,
          0,
          null,
          null,
          null,
          1,
          12,
          12,
          6,
          6,
          null,
          6,
          null,
          null,
          null,
          null,
          null
        ]
      },
      "/Users/timchen/NTHU/SOA/DrinkKing-api/app/application/services/get_shop_menu.rb": {
        "lines": [
          null,
          null,
          1,
          1,
          1,
          null,
          1,
          1,
          null,
          1,
          1,
          null,
          1,
          2,
          2,
          2,
          2,
          null,
          2,
          null,
          null,
          null,
          null
        ]
      },
      "/Users/timchen/NTHU/SOA/DrinkKing-api/app/application/controllers/init.rb": {
        "lines": [
          null,
          null,
          1,
          2,
          null
        ]
      },
      "/Users/timchen/NTHU/SOA/DrinkKing-api/app/application/controllers/app.rb": {
        "lines": [
          null,
          null,
          1,
          null,
          1,
          null,
          1,
          1,
          1,
          1,
          1,
          1,
          null,
          null,
          1,
          11,
          null,
          null,
          11,
          1,
          null,
          1,
          null,
          null,
          null,
          1,
          1,
          null,
          null,
          null,
          null,
          null,
          null,
          null,
          null,
          10,
          10,
          7,
          null,
          4,
          4,
          4,
          null,
          4,
          3,
          3,
          null,
          null,
          1,
          1,
          null,
          1,
          null,
          null,
          null,
          3,
          null,
          3,
          3,
          null,
          3,
          1,
          1,
          null,
          null,
          2,
          2,
          null,
          2,
          null,
          null,
          null,
          null,
          3,
          1,
          null,
          null,
          1,
          1,
          1,
          0,
          0,
          null,
          1,
          1,
          1,
          null,
          null,
          null,
          null,
          null,
          null,
          2,
          2,
          2,
          0,
          0,
          null,
          2,
          2,
          null,
          2,
          null,
          null,
          null,
          null,
          null,
          null,
          null,
          null,
          null,
          null,
          null,
          null,
          null,
          null,
          null,
          null,
          null,
          null,
          null,
          null,
          null,
          null,
          null,
          null,
          null,
          null,
          null,
          null,
          null,
          null,
          null,
          null,
          null,
          null,
          null,
          null,
          null,
          null,
          null,
          null,
          null,
          null,
          null,
          null,
          null,
          null,
          null,
          null,
          null,
          null,
          null,
          null,
          null,
          null,
          null,
          null,
          null,
          null,
          null,
          null,
          null,
          null
        ]
      },
      "/Users/timchen/NTHU/SOA/DrinkKing-api/spec/helpers/vcr_helper.rb": {
        "lines": [
          null,
          null,
          1,
          1,
          null,
          null,
          1,
          1,
          1,
          null,
          1,
          1,
          1,
          1,
          null,
          1296,
          1296,
          null,
          null,
          null,
          1,
          11,
          null,
          null,
          null,
          null,
          null,
          null,
          1,
          11,
          null,
          null
        ]
      },
      "/Users/timchen/NTHU/SOA/DrinkKing-api/spec/helpers/database_helper.rb": {
        "lines": [
          null,
          null,
          1,
          null,
          null,
          1,
          1,
          1,
          1,
          1,
          null,
          null,
          1,
          0,
          0,
          0,
          null,
          null
        ]
      }
    },
    "timestamp": 1607433939
  }
}
