{
  "RSpec": {
    "coverage": {
      "/mnt/c/ubuntu_share/teamproject/DrinkKing/api-DrinkKing/init.rb": {
        "lines": [
          null,
          null,
          null,
          null,
          1,
          null,
          2,
          null
        ]
      },
      "/mnt/c/ubuntu_share/teamproject/DrinkKing/api-DrinkKing/config/init.rb": {
        "lines": [
          null,
          null,
          1
        ]
      },
      "/mnt/c/ubuntu_share/teamproject/DrinkKing/api-DrinkKing/config/environment.rb": {
        "lines": [
          null,
          null,
          1,
          1,
          1,
          1,
          1,
          null,
          1,
          null,
          1,
          1,
          1,
          1,
          1,
          null,
          1,
          null,
          1,
          1,
          null,
          1,
          null,
          null,
          null,
          1,
          1,
          1,
          null,
          1,
          34,
          null,
          null,
          null,
          null,
          null,
          null
        ]
      },
      "/mnt/c/ubuntu_share/teamproject/DrinkKing/api-DrinkKing/app/init.rb": {
        "lines": [
          null,
          null,
          1,
          1,
          4,
          null
        ]
      },
      "/mnt/c/ubuntu_share/teamproject/DrinkKing/api-DrinkKing/app/domain/init.rb": {
        "lines": [
          null,
          null,
          1,
          1,
          2,
          null
        ]
      },
      "/mnt/c/ubuntu_share/teamproject/DrinkKing/api-DrinkKing/app/domain/shops/init.rb": {
        "lines": [
          null,
          null,
          1,
          null,
          3,
          null
        ]
      },
      "/mnt/c/ubuntu_share/teamproject/DrinkKing/api-DrinkKing/app/domain/shops/entities/init.rb": {
        "lines": [
          null,
          null,
          1,
          1,
          null,
          1,
          3,
          null
        ]
      },
      "/mnt/c/ubuntu_share/teamproject/DrinkKing/api-DrinkKing/app/domain/shops/entities/review.rb": {
        "lines": [
          null,
          null,
          1,
          1,
          null,
          1,
          1,
          null,
          1,
          1,
          1,
          1,
          1,
          null,
          1,
          210,
          null,
          null,
          null,
          null
        ]
      },
      "/mnt/c/ubuntu_share/teamproject/DrinkKing/api-DrinkKing/app/domain/shops/entities/shop.rb": {
        "lines": [
          null,
          null,
          1,
          1,
          1,
          null,
          1,
          1,
          null,
          1,
          1,
          1,
          1,
          1,
          1,
          1,
          1,
          1,
          1,
          1,
          null,
          1,
          84,
          null,
          null,
          null,
          null
        ]
      },
      "/mnt/c/ubuntu_share/teamproject/DrinkKing/api-DrinkKing/app/domain/shops/mappers/init.rb": {
        "lines": [
          null,
          null,
          1,
          4,
          null
        ]
      },
      "/mnt/c/ubuntu_share/teamproject/DrinkKing/api-DrinkKing/app/domain/shops/mappers/parser.rb": {
        "lines": [
          null,
          null,
          1,
          null,
          1,
          null,
          1,
          1,
          28,
          null,
          null,
          1,
          28,
          null,
          null,
          null,
          null
        ]
      },
      "/mnt/c/ubuntu_share/teamproject/DrinkKing/api-DrinkKing/app/domain/shops/mappers/shop_detail_mapper.rb": {
        "lines": [
          null,
          null,
          1,
          null,
          1,
          1,
          null,
          1,
          1,
          13,
          13,
          null,
          null,
          1,
          13,
          13,
          null,
          null,
          1,
          78,
          null,
          null,
          1,
          0,
          null,
          null,
          null,
          null,
          1,
          1,
          65,
          null,
          null,
          1,
          65,
          null,
          null,
          null,
          null,
          null,
          null,
          null,
          null,
          1,
          null,
          1,
          65,
          null,
          null,
          1,
          65,
          null,
          null,
          1,
          65,
          null,
          null,
          1,
          65,
          null,
          null,
          null,
          null
        ]
      },
      "/mnt/c/ubuntu_share/teamproject/DrinkKing/api-DrinkKing/app/domain/shops/mappers/shop_mapper.rb": {
        "lines": [
          null,
          null,
          1,
          null,
          1,
          1,
          null,
          1,
          1,
          15,
          15,
          15,
          null,
          null,
          1,
          null,
          15,
          15,
          null,
          null,
          1,
          26,
          null,
          null,
          1,
          2,
          null,
          null,
          null,
          null,
          1,
          1,
          13,
          13,
          13,
          null,
          null,
          1,
          13,
          null,
          null,
          null,
          null,
          null,
          null,
          null,
          null,
          null,
          null,
          null,
          null,
          null,
          null,
          1,
          null,
          1,
          13,
          null,
          null,
          1,
          13,
          null,
          null,
          1,
          13,
          null,
          null,
          1,
          13,
          13,
          null,
          13,
          null,
          null,
          1,
          13,
          13,
          null,
          13,
          null,
          null,
          1,
          13,
          null,
          null,
          1,
          13,
          null,
          null,
          1,
          13,
          13,
          null,
          13,
          null,
          null,
          null,
          1,
          13,
          null,
          null,
          1,
          13,
          null,
          null,
          null,
          null
        ]
      },
      "/mnt/c/ubuntu_share/teamproject/DrinkKing/api-DrinkKing/app/domain/shops/repositories/init.rb": {
        "lines": [
          null,
          null,
          1,
          1,
          1
        ]
      },
      "/mnt/c/ubuntu_share/teamproject/DrinkKing/api-DrinkKing/app/domain/shops/repositories/shops.rb": {
        "lines": [
          null,
          null,
          1,
          1,
          null,
          1,
          1,
          0,
          null,
          null,
          1,
          10,
          null,
          null,
          1,
          0,
          null,
          null,
          1,
          9,
          7,
          null,
          null,
          null,
          1,
          null,
          4,
          4,
          6,
          null,
          4,
          null,
          null,
          1,
          11,
          11,
          null,
          null,
          1,
          10,
          10,
          null,
          7,
          7,
          null,
          null,
          1,
          25,
          null,
          18,
          null,
          null,
          null,
          null,
          null,
          null,
          1,
          null,
          null,
          1,
          1,
          7,
          null,
          null,
          1,
          7,
          null,
          null,
          1,
          7,
          7,
          35,
          null,
          null,
          null,
          null,
          1,
          null,
          null,
          null
        ]
      },
      "/mnt/c/ubuntu_share/teamproject/DrinkKing/api-DrinkKing/app/domain/shops/repositories/reviews.rb": {
        "lines": [
          null,
          null,
          1,
          1,
          null,
          1,
          1,
          0,
          null,
          null,
          1,
          0,
          null,
          null,
          1,
          90,
          null,
          90,
          null,
          null,
          null,
          null,
          null,
          null,
          null,
          null,
          1,
          108,
          null,
          null,
          1,
          35,
          null,
          null,
          null,
          null
        ]
      },
      "/mnt/c/ubuntu_share/teamproject/DrinkKing/api-DrinkKing/app/domain/shops/repositories/for.rb": {
        "lines": [
          null,
          null,
          1,
          1,
          null,
          1,
          null,
          1,
          null,
          null,
          null,
          1,
          4,
          null,
          null,
          1,
          10,
          null,
          null,
          null,
          null
        ]
      },
      "/mnt/c/ubuntu_share/teamproject/DrinkKing/api-DrinkKing/app/domain/extraction/init.rb": {
        "lines": [
          null,
          null,
          1,
          1,
          3,
          null
        ]
      },
      "/mnt/c/ubuntu_share/teamproject/DrinkKing/api-DrinkKing/app/domain/extraction/values/init.rb": {
        "lines": [
          null,
          null,
          1,
          3,
          null
        ]
      },
      "/mnt/c/ubuntu_share/teamproject/DrinkKing/api-DrinkKing/app/domain/extraction/values/mentioned_drink.rb": {
        "lines": [
          null,
          null,
          1,
          1,
          1,
          null,
          1,
          null,
          1,
          1,
          1,
          4,
          4,
          4,
          60,
          null,
          null,
          1,
          4,
          4,
          4,
          88,
          1232,
          null,
          1232,
          4,
          4,
          null,
          null,
          null,
          4,
          null,
          null,
          null,
          null
        ]
      },
      "/mnt/c/ubuntu_share/teamproject/DrinkKing/api-DrinkKing/app/domain/extraction/values/recommend_drink.rb": {
        "lines": [
          null,
          null,
          1,
          null,
          1,
          1,
          4,
          4,
          4,
          4,
          null,
          null,
          null,
          null
        ]
      },
      "/mnt/c/ubuntu_share/teamproject/DrinkKing/api-DrinkKing/app/domain/extraction/entities/init.rb": {
        "lines": [
          null,
          null,
          1,
          3,
          null
        ]
      },
      "/mnt/c/ubuntu_share/teamproject/DrinkKing/api-DrinkKing/app/domain/extraction/entities/review_extraction.rb": {
        "lines": [
          null,
          null,
          1,
          1,
          null,
          1,
          1,
          null,
          1,
          1,
          1,
          1,
          1,
          1,
          null,
          1,
          4,
          null,
          null,
          null,
          null,
          null,
          null,
          null,
          null
        ]
      },
      "/mnt/c/ubuntu_share/teamproject/DrinkKing/api-DrinkKing/app/domain/extraction/entities/reviews_extraction.rb": {
        "lines": [
          null,
          null,
          1,
          1,
          null,
          1,
          1,
          1,
          1,
          null,
          1,
          0,
          0,
          null,
          null,
          null,
          1,
          24,
          4,
          null,
          null,
          1,
          0,
          null,
          null,
          null,
          null,
          null,
          null
        ]
      },
      "/mnt/c/ubuntu_share/teamproject/DrinkKing/api-DrinkKing/app/domain/extraction/mappers/init.rb": {
        "lines": [
          null,
          null,
          1,
          3,
          null
        ]
      },
      "/mnt/c/ubuntu_share/teamproject/DrinkKing/api-DrinkKing/app/domain/extraction/mappers/review_extraction_mapper.rb": {
        "lines": [
          null,
          null,
          null,
          1,
          1,
          null,
          1,
          1,
          null,
          1,
          1,
          30,
          null,
          null,
          1,
          25,
          null,
          25,
          null,
          null,
          null,
          null,
          null,
          null,
          null,
          null,
          null,
          1,
          null,
          null,
          25,
          25,
          25,
          null,
          null,
          1,
          null,
          null,
          null
        ]
      },
      "/mnt/c/ubuntu_share/teamproject/DrinkKing/api-DrinkKing/app/domain/extraction/mappers/reviews_extraction_mapper.rb": {
        "lines": [
          null,
          null,
          1,
          1,
          null,
          1,
          1,
          1,
          1,
          null,
          null,
          null,
          1,
          4,
          4,
          null,
          null,
          1,
          5,
          null,
          null,
          null,
          null,
          1,
          null,
          null,
          null
        ]
      },
      "/mnt/c/ubuntu_share/teamproject/DrinkKing/api-DrinkKing/app/infrastructure/init.rb": {
        "lines": [
          null,
          null,
          1,
          1,
          2,
          null
        ]
      },
      "/mnt/c/ubuntu_share/teamproject/DrinkKing/api-DrinkKing/app/infrastructure/gateways/init.rb": {
        "lines": [
          null,
          null,
          1,
          null,
          1,
          3,
          null
        ]
      },
      "/mnt/c/ubuntu_share/teamproject/DrinkKing/api-DrinkKing/app/infrastructure/gateways/googlemap_api.rb": {
        "lines": [
          null,
          null,
          1,
          null,
          1,
          1,
          null,
          1,
          1,
          28,
          null,
          null,
          null,
          null,
          1,
          15,
          15,
          null,
          null,
          1,
          13,
          13,
          null,
          null,
          null,
          1,
          1,
          null,
          1,
          28,
          null,
          null,
          1,
          15,
          15,
          15,
          null,
          null,
          1,
          13,
          null,
          13,
          13,
          null,
          null,
          1,
          28,
          null,
          null,
          1,
          28,
          null,
          null,
          28,
          28,
          null,
          null,
          null,
          null,
          null,
          1,
          1,
          null,
          null,
          null,
          1,
          null,
          null,
          null,
          null,
          null,
          null,
          null,
          1,
          28,
          null,
          28,
          28,
          null,
          null,
          1,
          0,
          null,
          null,
          null,
          null,
          null,
          null
        ]
      },
      "/mnt/c/ubuntu_share/teamproject/DrinkKing/api-DrinkKing/app/infrastructure/gateways/picker.rb": {
        "lines": [
          null,
          null,
          1,
          null,
          1,
          null,
          1,
          1,
          28,
          28,
          null,
          null,
          1,
          28,
          null,
          28,
          0,
          15,
          13,
          null,
          null,
          null,
          null,
          null,
          null
        ]
      },
      "/mnt/c/ubuntu_share/teamproject/DrinkKing/api-DrinkKing/app/infrastructure/database/init.rb": {
        "lines": [
          null,
          null,
          1,
          1,
          1,
          null
        ]
      },
      "/mnt/c/ubuntu_share/teamproject/DrinkKing/api-DrinkKing/app/infrastructure/database/orms/init.rb": {
        "lines": [
          null,
          null,
          1,
          3,
          null
        ]
      },
      "/mnt/c/ubuntu_share/teamproject/DrinkKing/api-DrinkKing/app/infrastructure/database/orms/review_orm.rb": {
        "lines": [
          null,
          null,
          1,
          null,
          1,
          1,
          null,
          1,
          1,
          null,
          null,
          1,
          null,
          null,
          null
        ]
      },
      "/mnt/c/ubuntu_share/teamproject/DrinkKing/api-DrinkKing/app/infrastructure/database/orms/shop_orm.rb": {
        "lines": [
          null,
          null,
          1,
          null,
          1,
          1,
          null,
          1,
          1,
          null,
          null,
          1,
          null,
          null,
          null,
          null,
          null,
          null,
          null
        ]
      },
      "/mnt/c/ubuntu_share/teamproject/DrinkKing/api-DrinkKing/app/presentation/init.rb": {
        "lines": [
          null,
          null,
          1,
          1,
          2,
          null
        ]
      },
      "/mnt/c/ubuntu_share/teamproject/DrinkKing/api-DrinkKing/app/presentation/responses/init.rb": {
        "lines": [
          null,
          null,
          1,
          5,
          null
        ]
      },
      "/mnt/c/ubuntu_share/teamproject/DrinkKing/api-DrinkKing/app/presentation/responses/api_result.rb": {
        "lines": [
          null,
          null,
          1,
          1,
          1,
          null,
          null,
          null,
          1,
          null,
          null,
          null,
          null,
          1,
          null,
          null,
          1,
          1,
          16,
          null,
          16,
          null,
          null,
          null,
          null
        ]
      },
      "/mnt/c/ubuntu_share/teamproject/DrinkKing/api-DrinkKing/app/presentation/responses/openstruct_with_links.rb": {
        "lines": [
          null,
          null,
          1,
          1,
          null,
          1,
          1,
          null,
          null,
          null
        ]
      },
      "/mnt/c/ubuntu_share/teamproject/DrinkKing/api-DrinkKing/app/presentation/responses/shop_menu.rb": {
        "lines": [
          null,
          null,
          1,
          1,
          null,
          1,
          null,
          null
        ]
      },
      "/mnt/c/ubuntu_share/teamproject/DrinkKing/api-DrinkKing/app/presentation/responses/shops_list.rb": {
        "lines": [
          null,
          null,
          1,
          1,
          null,
          1,
          null,
          null
        ]
      },
      "/mnt/c/ubuntu_share/teamproject/DrinkKing/api-DrinkKing/app/presentation/representers/init.rb": {
        "lines": [
          null,
          null,
          1,
          7,
          null
        ]
      },
      "/mnt/c/ubuntu_share/teamproject/DrinkKing/api-DrinkKing/app/presentation/representers/drink_representer.rb": {
        "lines": [
          null,
          null,
          1,
          1,
          null,
          null,
          1,
          1,
          null,
          1,
          1,
          null,
          1,
          1,
          1,
          null,
          null,
          null,
          null
        ]
      },
      "/mnt/c/ubuntu_share/teamproject/DrinkKing/api-DrinkKing/app/presentation/representers/http_response_representer.rb": {
        "lines": [
          null,
          null,
          1,
          1,
          null,
          1,
          1,
          null,
          null,
          null,
          null,
          null,
          1,
          1,
          null,
          1,
          1,
          null,
          1,
          null,
          null,
          null,
          null,
          null,
          null,
          null,
          null,
          null,
          null,
          null,
          null,
          null,
          null,
          1,
          8,
          null,
          null,
          null,
          null
        ]
      },
      "/mnt/c/ubuntu_share/teamproject/DrinkKing/api-DrinkKing/app/presentation/representers/menu_representer.rb": {
        "lines": [
          null,
          null,
          1,
          1,
          null,
          1,
          null,
          1,
          1,
          null,
          1,
          1,
          null,
          1,
          1,
          null,
          null,
          null
        ]
      },
      "/mnt/c/ubuntu_share/teamproject/DrinkKing/api-DrinkKing/app/presentation/representers/review_representer.rb": {
        "lines": [
          null,
          null,
          1,
          1,
          null,
          1,
          1,
          null,
          1,
          1,
          null,
          1,
          1,
          1,
          1,
          null,
          null,
          null,
          null
        ]
      },
      "/mnt/c/ubuntu_share/teamproject/DrinkKing/api-DrinkKing/app/presentation/representers/shop_representer.rb": {
        "lines": [
          null,
          null,
          1,
          1,
          null,
          1,
          null,
          1,
          1,
          null,
          1,
          1,
          null,
          1,
          1,
          1,
          1,
          1,
          1,
          1,
          1,
          1,
          1,
          1,
          1,
          null,
          null,
          null,
          null
        ]
      },
      "/mnt/c/ubuntu_share/teamproject/DrinkKing/api-DrinkKing/app/presentation/representers/shops_representer.rb": {
        "lines": [
          null,
          null,
          1,
          1,
          null,
          1,
          null,
          1,
          1,
          null,
          1,
          1,
          null,
          1,
          null,
          null,
          null,
          null
        ]
      },
      "/mnt/c/ubuntu_share/teamproject/DrinkKing/api-DrinkKing/app/application/init.rb": {
        "lines": [
          null,
          null,
          1,
          1,
          3,
          null
        ]
      },
      "/mnt/c/ubuntu_share/teamproject/DrinkKing/api-DrinkKing/app/application/requests/init.rb": {
        "lines": [
          null,
          null,
          1,
          2,
          null
        ]
      },
      "/mnt/c/ubuntu_share/teamproject/DrinkKing/api-DrinkKing/app/application/requests/search_keyword.rb": {
        "lines": [
          null,
          null,
          1,
          1,
          null,
          1,
          1,
          null,
          1,
          1,
          null,
          1,
          7,
          null,
          null,
          1,
          8,
          null,
          0,
          null,
          null,
          null,
          null
        ]
      },
      "/mnt/c/ubuntu_share/teamproject/DrinkKing/api-DrinkKing/app/application/services/init.rb": {
        "lines": [
          null,
          null,
          1,
          5,
          null
        ]
      },
      "/mnt/c/ubuntu_share/teamproject/DrinkKing/api-DrinkKing/app/application/services/add_shops.rb": {
        "lines": [
          null,
          null,
          1,
          1,
          1,
          null,
          1,
          1,
          null,
          1,
          1,
          null,
          1,
          1,
          1,
          1,
          null,
          1,
          null,
          1,
          8,
          8,
          6,
          null,
          2,
          null,
          null,
          null,
          1,
          6,
          null,
          null,
          6,
          null,
          6,
          0,
          null,
          6,
          null,
          null,
          0,
          null,
          null,
          1,
          6,
          6,
          6,
          null,
          6,
          6,
          6,
          0,
          null,
          12,
          null,
          null,
          null,
          6,
          0,
          null,
          6,
          null,
          null,
          0,
          null,
          null,
          1,
          6,
          6,
          6,
          null,
          6,
          6,
          null,
          0,
          null,
          null,
          null,
          1,
          6,
          6,
          0,
          0,
          null,
          6,
          null,
          null,
          null,
          null,
          null
        ]
      },
      "/mnt/c/ubuntu_share/teamproject/DrinkKing/api-DrinkKing/app/application/services/helpers/shop_parser.rb": {
        "lines": [
          null,
          null,
          1,
          1,
          null,
          1,
          1,
          8,
          8,
          8,
          null,
          null,
          1,
          8,
          8,
          8,
          null,
          8,
          null,
          null,
          null,
          1,
          16,
          null,
          null,
          null,
          null
        ]
      },
      "/mnt/c/ubuntu_share/teamproject/DrinkKing/api-DrinkKing/app/application/services/helpers/shop_finder.rb": {
        "lines": [
          null,
          null,
          1,
          null,
          1,
          1,
          null,
          1,
          1,
          2,
          2,
          2,
          null,
          null,
          1,
          2,
          1,
          1,
          1,
          null,
          0,
          null,
          null,
          null,
          null,
          1,
          0,
          null,
          null,
          1,
          null,
          1,
          2,
          2,
          null,
          null,
          1,
          1,
          73,
          1,
          null,
          null,
          1,
          1,
          null,
          null,
          null,
          null,
          1,
          72,
          72,
          4137,
          72,
          72,
          72,
          null,
          1,
          null,
          null,
          1,
          0,
          0,
          0,
          null,
          null,
          null,
          null
        ]
      },
      "/mnt/c/ubuntu_share/teamproject/DrinkKing/api-DrinkKing/app/application/services/extract_shop.rb": {
        "lines": [
          null,
          null,
          1,
          1,
          1,
          null,
          1,
          1,
          null,
          1,
          1,
          null,
          1,
          null,
          1,
          1,
          1,
          null,
          null,
          null,
          null
        ]
      },
      "/mnt/c/ubuntu_share/teamproject/DrinkKing/api-DrinkKing/app/application/services/get_shop_menu.rb": {
        "lines": [
          null,
          null,
          1,
          1,
          1,
          null,
          1,
          1,
          null,
          1,
          1,
          null,
          1,
          2,
          2,
          2,
          2,
          null,
          null,
          null,
          null
        ]
      },
      "/mnt/c/ubuntu_share/teamproject/DrinkKing/api-DrinkKing/app/application/services/list_shops.rb": {
        "lines": [
          null,
          null,
          1,
          1,
          1,
          null,
          1,
          1,
          null,
          1,
          1,
          null,
          1,
          1,
          1,
          1,
          1,
          null,
          1,
          4,
          null,
          null,
          4,
          4,
          4,
          null,
          0,
          null,
          null,
          1,
          4,
          null,
          4,
          2,
          null,
          2,
          null,
          null,
          null,
          0,
          null,
          null,
          1,
          2,
          2,
          null,
          2,
          2,
          null,
          2,
          null,
          null,
          2,
          null,
          0,
          null,
          null,
          1,
          2,
          2,
          2,
          2,
          null,
          null,
          2,
          null,
          0,
          null,
          null,
          1,
          2,
          2,
          2,
          null,
          2,
          null,
          2,
          null,
          null,
          null,
          null
        ]
      },
      "/mnt/c/ubuntu_share/teamproject/DrinkKing/api-DrinkKing/app/application/controllers/init.rb": {
        "lines": [
          null,
          null,
          1,
          2,
          null
        ]
      },
      "/mnt/c/ubuntu_share/teamproject/DrinkKing/api-DrinkKing/app/application/controllers/app.rb": {
        "lines": [
          null,
          null,
          1,
          null,
          1,
          null,
          1,
          1,
          1,
          1,
          1,
          1,
          null,
          null,
          1,
          8,
          null,
          null,
          8,
          1,
          null,
          1,
          null,
          null,
          null,
          1,
          1,
          null,
          null,
          null,
          null,
          null,
          null,
          null,
          null,
          7,
          7,
          4,
          null,
          2,
          2,
          2,
          null,
          2,
          1,
          1,
          null,
          null,
          1,
          1,
          null,
          1,
          null,
          null,
          null,
          2,
          null,
          2,
          2,
          null,
          2,
          1,
          1,
          null,
          null,
          1,
          1,
          null,
          1,
          null,
          null,
          null,
          null,
          3,
          1,
          null,
          null,
          1,
          null,
          1,
          1,
          0,
          0,
          null,
          1,
          1,
          1,
          null,
          null,
          null,
          null,
          null,
          null,
          2,
          2,
          2,
          2,
          null,
          2,
          null,
          null,
          null,
          null,
          null,
          null,
          null,
          null,
          null,
          null,
          null,
          null,
          null,
          null,
          null,
          null,
          null,
          null,
          null,
          null,
          null,
          null,
          null,
          null,
          null,
          null,
          null,
          null,
          null,
          null,
          null,
          null,
          null,
          null,
          null,
          null,
          null,
          null,
          null,
          null,
          null,
          null,
          null,
          null,
          null,
          null,
          null,
          null,
          null,
          null,
          null,
          null,
          null,
          null,
          null,
          null,
          null,
          null,
          null,
          null,
          null,
          null
        ]
      },
      "/mnt/c/ubuntu_share/teamproject/DrinkKing/api-DrinkKing/spec/helpers/vcr_helper.rb": {
        "lines": [
          null,
          null,
          1,
          1,
          null,
          null,
          1,
          1,
          1,
          null,
          1,
          6,
          6,
          6,
          null,
          1722,
          1722,
          null,
          null,
          null,
          1,
          23,
          null,
          null,
          null,
          null,
          null,
          null,
          1,
          23,
          null,
          null
        ]
      },
      "/mnt/c/ubuntu_share/teamproject/DrinkKing/api-DrinkKing/spec/helpers/database_helper.rb": {
        "lines": [
          null,
          null,
          1,
          null,
          null,
          1,
          1,
          5,
          5,
          5,
          null,
          null,
          1,
          17,
          17,
          17,
          null,
          null
        ]
      },
      "/mnt/c/ubuntu_share/teamproject/DrinkKing/api-DrinkKing/spec/tests_integration/layers_integration/domain_extraction_spec.rb": {
        "lines": [
          null,
          null,
          1,
          1,
          1,
          null,
          1,
          1,
          1,
          null,
          1,
          2,
          null,
          null,
          1,
          2,
          null,
          null,
          1,
          1,
          null,
          2,
          2,
          2,
          null,
          null,
          null,
          1,
          1,
          1,
          1,
          1,
          null,
          1,
          5,
          null,
          null,
          null,
          1,
          1,
          null,
          1,
          null,
          null,
          null
        ]
      },
      "/mnt/c/ubuntu_share/teamproject/DrinkKing/api-DrinkKing/spec/tests_integration/layers_integration/gateway_database_spec.rb": {
        "lines": [
          null,
          null,
          1,
          1,
          1,
          null,
          1,
          1,
          1,
          null,
          1,
          1,
          null,
          null,
          1,
          1,
          null,
          null,
          1,
          1,
          1,
          null,
          null,
          1,
          1,
          1,
          1,
          null,
          1,
          1,
          1,
          1,
          1,
          1,
          1,
          1,
          1,
          1,
          null,
          1,
          5,
          15,
          null,
          5,
          5,
          5,
          null,
          null,
          null,
          null,
          null
        ]
      },
      "/mnt/c/ubuntu_share/teamproject/DrinkKing/api-DrinkKing/spec/tests_integration/layers_integration/googlemap_api_spec.rb": {
        "lines": [
          null,
          null,
          1,
          1,
          null,
          1,
          1,
          null,
          1,
          4,
          null,
          null,
          1,
          4,
          null,
          null,
          1,
          1,
          1,
          1,
          null,
          null,
          1,
          1,
          null,
          null,
          null,
          1,
          1,
          1,
          5,
          null,
          null,
          null,
          1,
          1,
          null,
          null,
          null
        ]
      },
      "/mnt/c/ubuntu_share/teamproject/DrinkKing/api-DrinkKing/spec/tests_integration/service_integration/add_shops_spec.rb": {
        "lines": [
          null,
          null,
          1,
          1,
          1,
          null,
          1,
          1,
          1,
          null,
          1,
          3,
          null,
          null,
          1,
          3,
          null,
          null,
          1,
          1,
          3,
          null,
          null,
          1,
          null,
          1,
          1,
          null,
          null,
          1,
          null,
          null,
          1,
          null,
          1,
          null,
          1,
          1,
          1,
          1,
          1,
          1,
          1,
          1,
          1,
          null,
          1,
          5,
          15,
          null,
          5,
          5,
          5,
          null,
          null,
          null,
          null,
          1,
          null,
          1,
          1,
          null,
          null,
          1,
          null,
          null,
          1,
          null,
          null,
          1,
          1,
          1,
          1,
          1,
          1,
          1,
          1,
          1,
          1,
          null,
          1,
          5,
          15,
          null,
          5,
          5,
          5,
          null,
          null,
          null,
          null,
          1,
          null,
          1,
          null,
          null,
          1,
          null,
          null,
          1,
          1,
          null,
          null,
          null
        ]
      },
      "/mnt/c/ubuntu_share/teamproject/DrinkKing/api-DrinkKing/spec/tests_integration/service_integration/list_shops_spec.rb": {
        "lines": [
          null,
          null,
          1,
          1,
          1,
          null,
          1,
          1,
          1,
          null,
          1,
          2,
          null,
          null,
          1,
          2,
          null,
          null,
          1,
          1,
          2,
          null,
          null,
          1,
          null,
          1,
          1,
          null,
          null,
          1,
          null,
          null,
          1,
          null,
          null,
          1,
          1,
          null,
          1,
          1,
          1,
          null,
          null,
          1,
          null,
          1,
          null,
          null,
          1,
          null,
          null,
          null
        ]
      }
    },
    "timestamp": 1607184510
  }
}
